<?xml version="1.0" encoding="UTF-8"?>
<testng-results ignored="0" total="2" passed="2" failed="0" skipped="0">
  <reporter-output>
  </reporter-output>
  <suite started-at="2022-10-29T22:54:57 IST" name="Suite" finished-at="2022-10-29T22:55:39 IST" duration-ms="42222">
    <groups>
    </groups>
    <test started-at="2022-10-29T22:54:57 IST" name="Test" finished-at="2022-10-29T22:55:39 IST" duration-ms="42222">
      <class name="scripts.TestCase1">
        <test-method is-config="true" signature="openApp()[pri:0, instance:scripts.TestCase1@306f16f3]" started-at="2022-10-29T22:54:57 IST" name="openApp" finished-at="2022-10-29T22:55:05 IST" duration-ms="8542" status="PASS">
          <reporter-output>
          </reporter-output>
        </test-method> <!-- openApp -->
        <test-method signature="Tc1()[pri:0, instance:scripts.TestCase1@306f16f3]" started-at="2022-10-29T22:55:05 IST" name="Tc1" finished-at="2022-10-29T22:55:17 IST" duration-ms="11684" status="PASS">
          <reporter-output>
          </reporter-output>
        </test-method> <!-- Tc1 -->
        <test-method is-config="true" signature="closeApp(org.testng.ITestResult)[pri:0, instance:scripts.TestCase1@306f16f3]" started-at="2022-10-29T22:55:17 IST" name="closeApp" finished-at="2022-10-29T22:55:17 IST" duration-ms="1" status="PASS">
          <params>
            <param index="0">
              <value>
                <![CDATA[[TestResult name=Tc1 status=SUCCESS method=TestCase1.Tc1()[pri:0, instance:scripts.TestCase1@306f16f3] output={null}]]]>
              </value>
            </param>
          </params>
          <reporter-output>
          </reporter-output>
        </test-method> <!-- closeApp -->
      </class> <!-- scripts.TestCase1 -->
      <class name="scripts.TestCase2">
        <test-method is-config="true" signature="openApp()[pri:0, instance:scripts.TestCase2@505fc5a4]" started-at="2022-10-29T22:55:17 IST" name="openApp" finished-at="2022-10-29T22:55:26 IST" duration-ms="8965" status="PASS">
          <reporter-output>
          </reporter-output>
        </test-method> <!-- openApp -->
        <test-method signature="tc2()[pri:0, instance:scripts.TestCase2@505fc5a4]" started-at="2022-10-29T22:55:26 IST" name="tc2" finished-at="2022-10-29T22:55:39 IST" duration-ms="13000" status="PASS">
          <reporter-output>
          </reporter-output>
        </test-method> <!-- tc2 -->
        <test-method is-config="true" signature="closeApp(org.testng.ITestResult)[pri:0, instance:scripts.TestCase2@505fc5a4]" started-at="2022-10-29T22:55:39 IST" name="closeApp" finished-at="2022-10-29T22:55:39 IST" duration-ms="1" status="PASS">
          <params>
            <param index="0">
              <value>
                <![CDATA[[TestResult name=tc2 status=SUCCESS method=TestCase2.tc2()[pri:0, instance:scripts.TestCase2@505fc5a4] output={null}]]]>
              </value>
            </param>
          </params>
          <reporter-output>
          </reporter-output>
        </test-method> <!-- closeApp -->
      </class> <!-- scripts.TestCase2 -->
    </test> <!-- Test -->
  </suite> <!-- Suite -->
</testng-results>
